<?xml version="1.0" encoding="UTF-8"?>
<testsuite xmlns:xsi="http://www.w3.org/2001/XMLSchema-instance" xsi:noNamespaceSchemaLocation="https://maven.apache.org/surefire/maven-surefire-plugin/xsd/surefire-test-report.xsd" name="TestSuite" time="8.185" tests="2" errors="0" skipped="0" failures="0">
  <properties>
    <property name="DISPLAY" value=":0"/>
    <property name="file.encoding.pkg" value="sun.io"/>
    <property name="CLUTTER_IM_MODULE" value="xim"/>
    <property name="java.home" value="/usr/lib/jvm/java-8-openjdk-amd64/jre"/>
    <property name="XDG_GREETER_DATA_DIR" value="/var/lib/lightdm-data/subhendu"/>
    <property name="LOGNAME" value="subhendu"/>
    <property name="VTE_VERSION" value="4205"/>
    <property name="NODE_NAME" value="master"/>
    <property name="PWD" value="/usr/share/jenkins"/>
    <property name="JENKINS_URL" value="http://localhost:8080/"/>
    <property name="sun.font.fontmanager" value="sun.awt.X11FontManager"/>
    <property name="GDMSESSION" value="ubuntu"/>
    <property name="java.endorsed.dirs" value="/usr/lib/jvm/java-8-openjdk-amd64/jre/lib/endorsed"/>
    <property name="XDG_SEAT_PATH" value="/org/freedesktop/DisplayManager/Seat0"/>
    <property name="sun.os.patch.level" value="unknown"/>
    <property name="java.vendor.url" value="http://java.oracle.com/"/>
    <property name="JAVA_OPTS" value="-XX:+AggressiveOpts -Xms256m -Xmx512m -XX:MaxPermSize=256m -XX:+DisableExplicitGC"/>
    <property name="DESKTOP_MODE" value="1"/>
    <property name="GPG_AGENT_INFO" value="/home/subhendu/.gnupg/S.gpg-agent:0:1"/>
    <property name="java.version" value="1.8.0_181"/>
    <property name="JOB_NAME" value="Salus_BackOffice_Selenium"/>
    <property name="java.vendor.url.bug" value="http://bugreport.sun.com/bugreport/"/>
    <property name="XDG_DATA_DIRS" value="/usr/share/ubuntu:/usr/share/gnome:/usr/local/share:/usr/share:/var/lib/snapd/desktop:/var/lib/snapd/desktop"/>
    <property name="user.name" value="subhendu"/>
    <property name="sun.io.unicode.encoding" value="UnicodeLittle"/>
    <property name="XDG_RUNTIME_DIR" value="/run/usr/1001"/>
    <property name="sun.jnu.encoding" value="UTF-8"/>
    <property name="java.runtime.name" value="OpenJDK Runtime Environment"/>
    <property name="GNOME_KEYRING_CONTROL" value=""/>
    <property name="XDG_SESSION_DESKTOP" value="ubuntu"/>
    <property name="java.specification.name" value="Java Platform API Specification"/>
    <property name="RUN_CHANGES_DISPLAY_URL" value="http://localhost:8080/job/Salus_BackOffice_Selenium/5/display/redirect?page=changes"/>
    <property name="user.timezone" value="Asia/Kolkata"/>
    <property name="path.separator" value=":"/>
    <property name="WINDOWID" value="79691786"/>
    <property name="BUILD_TAG" value="jenkins-Salus_BackOffice_Selenium-5"/>
    <property name="TERM" value="xterm-256color"/>
    <property name="GTK_MODULES" value="gail:atk-bridge:unity-gtk-module"/>
    <property name="MANDATORY_PATH" value="/usr/share/gconf/ubuntu.mandatory.path"/>
    <property name="file.encoding" value="UTF-8"/>
    <property name="PATH" value="/usr/lib/jvm/java-1.8.0-openjdk-amd64/bin:/home/subhendu/.cargo/bin:/usr/lib/jvm/java-1.8.0-openjdk-amd64/bin:/usr/lib/jvm/java-8-openjdk-amd64/bin:/opt/apache-maven-/bin:/usr/local/sbin:/usr/local/bin:/usr/sbin:/usr/bin:/sbin:/bin:/usr/games:/usr/local/games:/snap/bin:/data/dev/tools/apache-maven-3.5.4/bin"/>
    <property name="QT_ACCESSIBILITY" value="1"/>
    <property name="DESKTOP_SESSION" value="ubuntu"/>
    <property name="sun.java.command" value="jenkins.maven3.agent.Maven35Main /home/subhendu/apache-maven-3.5.4 /home/subhendu/.jenkins/war/WEB-INF/lib/remoting-3.21.1.jar /home/subhendu/.jenkins/plugins/maven-plugin/WEB-INF/lib/maven35-interceptor-1.12-alpha-1.jar /home/subhendu/.jenkins/plugins/maven-plugin/WEB-INF/lib/maven3-interceptor-commons-1.12-alpha-1.jar 42362"/>
    <property name="HUDSON_URL" value="http://localhost:8080/"/>
    <property name="XDG_CONFIG_DIRS" value="/etc/xdg/xdg-ubuntu:/usr/share/upstart/xdg:/etc/xdg"/>
    <property name="JENKINS_SERVER_COOKIE" value="152fadf4ae9c5203"/>
    <property name="SESSIONTYPE" value="gnome-session"/>
    <property name="EXECUTOR_NUMBER" value="0"/>
    <property name="XDG_SESSION_TYPE" value="x11"/>
    <property name="XDG_SESSION_PATH" value="/org/freedesktop/DisplayManager/Session0"/>
    <property name="java.io.tmpdir" value="/tmp"/>
    <property name="user.language" value="en"/>
    <property name="line.separator" value="&#10;"/>
    <property name="GTK2_MODULES" value="overlay-scrollbar"/>
    <property name="BUILD_URL" value="http://localhost:8080/job/Salus_BackOffice_Selenium/5/"/>
    <property name="SHLVL" value="1"/>
    <property name="M2_HOME" value="/home/subhendu/apache-maven-3.5.4"/>
    <property name="USER" value="subhendu"/>
    <property name="java.vm.info" value="mixed mode"/>
    <property name="sun.desktop" value="gnome"/>
    <property name="java.vm.specification.name" value="Java Virtual Machine Specification"/>
    <property name="BUILD_DISPLAY_NAME" value="#5"/>
    <property name="guice.disable.misplaced.annotation.check" value="true"/>
    <property name="HUDSON_SERVER_COOKIE" value="152fadf4ae9c5203"/>
    <property name="JRE_HOME" value="/usr/lib/jvm/jre"/>
    <property name="UPSTART_SESSION" value="unix:abstract=/com/ubuntu/upstart-session/1000/1837"/>
    <property name="MAVEN_HOME" value="/home/subhendu/apache-maven-3.5.4"/>
    <property name="java.awt.printerjob" value="sun.print.PSPrinterJob"/>
    <property name="SESSION_MANAGER" value="local/TCD64:@/tmp/.ICE-unix/2479,unix/TCD64:/tmp/.ICE-unix/2479"/>
    <property name="DEFAULTS_PATH" value="/usr/share/gconf/ubuntu.default.path"/>
    <property name="maven3.interceptor.common" value="/home/subhendu/.jenkins/plugins/maven-plugin/WEB-INF/lib/maven3-interceptor-commons-1.12-alpha-1.jar"/>
    <property name="CLASSPATH" value=""/>
    <property name="GNOME_DESKTOP_SESSION_ID" value="this-is-deprecated"/>
    <property name="XAUTHORITY" value="/home/subhendu/.Xauthority"/>
    <property name="LESSCLOSE" value="/usr/bin/lesspipe %s %s"/>
    <property name="XDG_MENU_PREFIX" value="gnome-"/>
    <property name="XDG_CURRENT_DESKTOP" value="Unity"/>
    <property name="os.name" value="Linux"/>
    <property name="java.specification.vendor" value="Oracle Corporation"/>
    <property name="java.vm.name" value="OpenJDK 64-Bit Server VM"/>
    <property name="BUILD_NUMBER" value="5"/>
    <property name="maven3.interceptor" value="/home/subhendu/.jenkins/plugins/maven-plugin/WEB-INF/lib/maven35-interceptor-1.12-alpha-1.jar"/>
    <property name="java.library.path" value="/usr/java/packages/lib/amd64:/usr/lib/x86_64-linux-gnu/jni:/lib/x86_64-linux-gnu:/usr/lib/x86_64-linux-gnu:/usr/lib/jni:/lib:/usr/lib"/>
    <property name="QT_IM_MODULE" value="ibus"/>
    <property name="POM_GROUPID" value="Salus"/>
    <property name="POM_ARTIFACTID" value="salus.backOffice"/>
    <property name="java.class.version" value="52.0"/>
    <property name="DBUS_SESSION_BUS_ADDRESS" value="unix:abstract=/tmp/dbus-fsxTAR7g09"/>
    <property name="JOB_URL" value="http://localhost:8080/job/Salus_BackOffice_Selenium/"/>
    <property name="RUN_DISPLAY_URL" value="http://localhost:8080/job/Salus_BackOffice_Selenium/5/display/redirect"/>
    <property name="JENKINS_HOME" value="/home/subhendu/.jenkins"/>
    <property name="COMPIZ_CONFIG_PROFILE" value="ubuntu"/>
    <property name="BUILD_ID" value="5"/>
    <property name="sun.boot.library.path" value="/usr/lib/jvm/java-8-openjdk-amd64/jre/lib/amd64"/>
    <property name="M2" value="/opt/apache-maven-/bin"/>
    <property name="sun.management.compiler" value="HotSpot 64-Bit Tiered Compilers"/>
    <property name="java.awt.graphicsenv" value="sun.awt.X11GraphicsEnvironment"/>
    <property name="POM_VERSION" value="0.0.1-SNAPSHOT"/>
    <property name="GTK_IM_MODULE" value="ibus"/>
    <property name="HUDSON_HOME" value="/home/subhendu/.jenkins"/>
    <property name="PATH+MAVEN" value="/home/subhendu/apache-maven-3.5.4/bin"/>
    <property name="INSTANCE" value=""/>
    <property name="QT_QPA_PLATFORMTHEME" value="appmenu-qt5"/>
    <property name="java.vm.specification.version" value="1.8"/>
    <property name="JAVA_HOME" value="/usr/lib/jvm/java-1.8.0-openjdk-amd64"/>
    <property name="SHELL" value="/bin/bash"/>
    <property name="SESSION" value="ubuntu"/>
    <property name="awt.toolkit" value="sun.awt.X11.XToolkit"/>
    <property name="NODE_LABELS" value="agent master"/>
    <property name="sun.cpu.isalist" value=""/>
    <property name="JOB_DISPLAY_URL" value="http://localhost:8080/job/Salus_BackOffice_Selenium/display/redirect"/>
    <property name="securerandom.source" value="file:/dev/./urandom"/>
    <property name="java.ext.dirs" value="/usr/lib/jvm/java-8-openjdk-amd64/jre/lib/ext:/usr/java/packages/lib/ext"/>
    <property name="os.version" value="4.4.0-134-generic"/>
    <property name="user.home" value="/home/subhendu"/>
    <property name="_" value="/usr/lib/jvm/java-1.8.0-openjdk-amd64/bin/java"/>
    <property name="java.vm.vendor" value="Oracle Corporation"/>
    <property name="JOB" value="dbus"/>
    <property name="IM_CONFIG_PHASE" value="1"/>
    <property name="user.dir" value="/home/subhendu/workspace/salus.backOffice"/>
    <property name="maven.conf" value="/home/subhendu/apache-maven-3.5.4/conf"/>
    <property name="GDM_LANG" value="en_US"/>
    <property name="XDG_VTNR" value="7"/>
    <property name="sun.cpu.endian" value="little"/>
    <property name="java.vm.version" value="25.181-b13"/>
    <property name="java.class.path" value="/home/subhendu/.jenkins/plugins/maven-plugin/WEB-INF/lib/maven35-agent-1.12-alpha-1.jar:/home/subhendu/apache-maven-3.5.4/boot/plexus-classworlds-2.5.2.jar:/home/subhendu/apache-maven-3.5.4/conf/logging"/>
    <property name="org.slf4j.simpleLogger.defaultLogLevel" value="info"/>
    <property name="XDG_SEAT" value="seat0"/>
    <property name="os.arch" value="amd64"/>
    <property name="WORKSPACE" value="/home/subhendu/.jenkins/workspace/Salus_BackOffice_Selenium"/>
    <property name="sun.java.launcher" value="SUN_STANDARD"/>
    <property name="LANG" value="en_IN"/>
    <property name="GNOME_KEYRING_PID" value=""/>
    <property name="LESSOPEN" value="| /usr/bin/lesspipe %s"/>
    <property name="java.vm.specification.vendor" value="Oracle Corporation"/>
    <property name="file.separator" value="/"/>
    <property name="LANGUAGE" value="en_IN:en"/>
    <property name="java.runtime.version" value="1.8.0_181-8u181-b13-0ubuntu0.16.04.1-b13"/>
    <property name="XDG_SESSION_ID" value="c3"/>
    <property name="sun.boot.class.path" value="/usr/lib/jvm/java-8-openjdk-amd64/jre/lib/resources.jar:/usr/lib/jvm/java-8-openjdk-amd64/jre/lib/rt.jar:/usr/lib/jvm/java-8-openjdk-amd64/jre/lib/sunrsasign.jar:/usr/lib/jvm/java-8-openjdk-amd64/jre/lib/jsse.jar:/usr/lib/jvm/java-8-openjdk-amd64/jre/lib/jce.jar:/usr/lib/jvm/java-8-openjdk-amd64/jre/lib/charsets.jar:/usr/lib/jvm/java-8-openjdk-amd64/jre/lib/jfr.jar:/usr/lib/jvm/java-8-openjdk-amd64/jre/classes"/>
    <property name="QT4_IM_MODULE" value="xim"/>
    <property name="PATH+JDK" value="/usr/lib/jvm/java-1.8.0-openjdk-amd64/bin"/>
    <property name="user.country" value="IN"/>
    <property name="POM_PACKAGING" value="jar"/>
    <property name="maven.home" value="/home/subhendu/apache-maven-3.5.4"/>
    <property name="JOB_BASE_NAME" value="Salus_BackOffice_Selenium"/>
    <property name="XMODIFIERS" value="@im=ibus"/>
    <property name="HOME" value="/home/subhendu"/>
    <property name="java.vendor" value="Oracle Corporation"/>
    <property name="QT_LINUX_ACCESSIBILITY_ALWAYS_ON" value="1"/>
    <property name="SSH_AUTH_SOCK" value="/run/user/1000/keyring/ssh"/>
    <property name="LS_COLORS" value="rs=0:di=01;34:ln=01;36:mh=00:pi=40;33:so=01;35:do=01;35:bd=40;33;01:cd=40;33;01:or=40;31;01:mi=00:su=37;41:sg=30;43:ca=30;41:tw=30;42:ow=34;42:st=37;44:ex=01;32:*.tar=01;31:*.tgz=01;31:*.arc=01;31:*.arj=01;31:*.taz=01;31:*.lha=01;31:*.lz4=01;31:*.lzh=01;31:*.lzma=01;31:*.tlz=01;31:*.txz=01;31:*.tzo=01;31:*.t7z=01;31:*.zip=01;31:*.z=01;31:*.Z=01;31:*.dz=01;31:*.gz=01;31:*.lrz=01;31:*.lz=01;31:*.lzo=01;31:*.xz=01;31:*.bz2=01;31:*.bz=01;31:*.tbz=01;31:*.tbz2=01;31:*.tz=01;31:*.deb=01;31:*.rpm=01;31:*.jar=01;31:*.war=01;31:*.ear=01;31:*.sar=01;31:*.rar=01;31:*.alz=01;31:*.ace=01;31:*.zoo=01;31:*.cpio=01;31:*.7z=01;31:*.rz=01;31:*.cab=01;31:*.jpg=01;35:*.jpeg=01;35:*.gif=01;35:*.bmp=01;35:*.pbm=01;35:*.pgm=01;35:*.ppm=01;35:*.tga=01;35:*.xbm=01;35:*.xpm=01;35:*.tif=01;35:*.tiff=01;35:*.png=01;35:*.svg=01;35:*.svgz=01;35:*.mng=01;35:*.pcx=01;35:*.mov=01;35:*.mpg=01;35:*.mpeg=01;35:*.m2v=01;35:*.mkv=01;35:*.webm=01;35:*.ogm=01;35:*.mp4=01;35:*.m4v=01;35:*.mp4v=01;35:*.vob=01;35:*.qt=01;35:*.nuv=01;35:*.wmv=01;35:*.asf=01;35:*.rm=01;35:*.rmvb=01;35:*.flc=01;35:*.avi=01;35:*.fli=01;35:*.flv=01;35:*.gl=01;35:*.dl=01;35:*.xcf=01;35:*.xwd=01;35:*.yuv=01;35:*.cgm=01;35:*.emf=01;35:*.ogv=01;35:*.ogx=01;35:*.aac=00;36:*.au=00;36:*.flac=00;36:*.m4a=00;36:*.mid=00;36:*.midi=00;36:*.mka=00;36:*.mp3=00;36:*.mpc=00;36:*.ogg=00;36:*.ra=00;36:*.wav=00;36:*.oga=00;36:*.opus=00;36:*.spx=00;36:*.xspf=00;36:"/>
    <property name="POM_DISPLAYNAME" value="salus.backOffice"/>
    <property name="java.specification.version" value="1.8"/>
    <property name="sun.arch.data.model" value="64"/>
  </properties>
  <testcase name="f" classname="Salus.salus.backOffice.NewTest" time="0.001"/>
  <testcase name="test_Login" classname="Salus.salus.backOffice.NewTest" time="7.171"/>
</testsuite>