<?xml version="1.0" encoding="UTF-8"?>
<!-- Generated by org.testng.reporters.JUnitReportReporter -->
<testsuite hostname="TCD64" name="Salus.salus.backOffice.NewTest" tests="5" failures="0" timestamp="21 Sep 2018 12:45:36 GMT" time="76.902" errors="0">
  <testcase name="profieName" time="28.827" classname="Salus.salus.backOffice.NewTest"/>
  <testcase name="checkFields" time="0.064" classname="Salus.salus.backOffice.NewTest"/>
  <testcase name="erifyForgot_Password" time="24.398" classname="Salus.salus.backOffice.NewTest"/>
  <testcase name="test_Login" time="12.670" classname="Salus.salus.backOffice.NewTest"/>
  <testcase name="testUrl" time="10.943" classname="Salus.salus.backOffice.NewTest"/>
</testsuite> <!-- Salus.salus.backOffice.NewTest -->
