<?xml version="1.0" encoding="UTF-8"?>
<!-- Generated by org.testng.reporters.JUnitReportReporter -->
<testsuite hostname="TCD64" name="selenium1.NewTest1" tests="2" failures="0" timestamp="21 Sep 2018 12:45:36 GMT" time="18.248" errors="0">
  <testcase name="loginUsingWrongCredentials" time="17.379" classname="selenium1.NewTest1"/>
  <testcase name="verifyEmailId" time="0.869" classname="selenium1.NewTest1"/>
</testsuite> <!-- selenium1.NewTest1 -->
