<?xml version="1.0" encoding="UTF-8"?>
<!-- Generated by org.testng.reporters.JUnitReportReporter -->
<testsuite hostname="TCD64" name="selenium2.NewTest2" tests="1" failures="0" timestamp="21 Sep 2018 12:45:36 GMT" time="119.240" errors="0">
  <testcase name="Dashboard" time="119.240" classname="selenium2.NewTest2"/>
</testsuite> <!-- selenium2.NewTest2 -->
