<?xml version="1.0" encoding="UTF-8"?>
<!-- Generated by org.testng.reporters.JUnitReportReporter -->
<testsuite hostname="TCD64" name="Salus.salus.backOffice.NewTest" tests="2" failures="0" timestamp="10 Sep 2018 09:32:37 GMT" time="7.173" errors="0">
  <testcase name="f" time="0.001" classname="Salus.salus.backOffice.NewTest"/>
  <testcase name="test_Login" time="7.172" classname="Salus.salus.backOffice.NewTest"/>
</testsuite> <!-- Salus.salus.backOffice.NewTest -->
